<?xml version="1.0" encoding="UTF-8"?>
<!-- Generated by org.testng.reporters.JUnitXMLReporter -->
<testsuite ignored="0" hostname="IMRAN" failures="0" tests="4" name="Domestic" time="0.116" errors="0" timestamp="2022-10-26T11:41:17 IST">
  <testcase classname="testNG.DomesticAnimals2" name="cat" time="0.009"/>
  <testcase classname="testNG.DomesticAnimals2" name="hen" time="0.004"/>
  <testcase classname="testNG.DomesticAnimals1" name="cow" time="0.007"/>
  <testcase classname="testNG.DomesticAnimals1" name="dog" time="0.001"/>
</testsuite> <!-- Domestic -->
