<?xml version="1.0" encoding="UTF-8"?>
<!-- Generated by org.testng.reporters.JUnitXMLReporter -->
<testsuite ignored="0" hostname="IMRAN" failures="0" tests="4" name="Wild" time="0.072" errors="0" timestamp="2022-10-26T11:41:17 IST">
  <testcase classname="testNG.WildAnimals1" name="lion" time="0.003"/>
  <testcase classname="testNG.WildAnimals1" name="tiger" time="0.003"/>
  <testcase classname="testNG.WildAnimals2" name="deer" time="0.009"/>
  <testcase classname="testNG.WildAnimals2" name="dinasour" time="0.003"/>
</testsuite> <!-- Wild -->
