<?xml version="1.0" encoding="UTF-8"?>
<!-- Generated by org.testng.reporters.JUnitXMLReporter -->
<testsuite ignored="0" hostname="IMRAN" failures="0" tests="8" name="Default test" time="0.152" errors="0" timestamp="2022-11-05T07:45:03 IST">
  <testcase classname="testNG.WildAnimals2" name="deer" time="0.01"/>
  <testcase classname="testNG.WildAnimals2" name="dinasour" time="0.007"/>
  <testcase classname="testNG.DomesticAnimals1" name="cow" time="0.002"/>
  <testcase classname="testNG.DomesticAnimals1" name="dog" time="0.003"/>
  <testcase classname="testNG.DomesticAnimals2" name="cat" time="0.002"/>
  <testcase classname="testNG.DomesticAnimals2" name="hen" time="0.012"/>
  <testcase classname="testNG.WildAnimals1" name="lion" time="0.002"/>
  <testcase classname="testNG.WildAnimals1" name="tiger" time="0.002"/>
</testsuite> <!-- Default test -->
